D:\VS程序\VS2010\第13章\SVM\DEBUG\OPENCV.EXE
D:\VS程序\VS2010\第13章\SVM\DEBUG\OPENCV.ILK
D:\VS程序\VS2010\第13章\SVM\DEBUG\OPENCV.PDB
D:\vs程序\vs2010\第13章\SVM\opencv\Debug\cl.command.1.tlog
D:\vs程序\vs2010\第13章\SVM\opencv\Debug\CL.read.1.tlog
D:\vs程序\vs2010\第13章\SVM\opencv\Debug\CL.write.1.tlog
D:\vs程序\vs2010\第13章\SVM\opencv\Debug\link.756.read.1.tlog
D:\vs程序\vs2010\第13章\SVM\opencv\Debug\link.756.write.1.tlog
D:\vs程序\vs2010\第13章\SVM\opencv\Debug\link.756-cvtres.read.1.tlog
D:\vs程序\vs2010\第13章\SVM\opencv\Debug\link.756-cvtres.write.1.tlog
D:\vs程序\vs2010\第13章\SVM\opencv\Debug\link.command.1.tlog
D:\vs程序\vs2010\第13章\SVM\opencv\Debug\link.read.1.tlog
D:\vs程序\vs2010\第13章\SVM\opencv\Debug\link.write.1.tlog
D:\vs程序\vs2010\第13章\SVM\opencv\Debug\link-cvtres.read.1.tlog
D:\vs程序\vs2010\第13章\SVM\opencv\Debug\link-cvtres.write.1.tlog
D:\vs程序\vs2010\第13章\SVM\opencv\Debug\mt.command.1.tlog
D:\vs程序\vs2010\第13章\SVM\opencv\Debug\mt.read.1.tlog
D:\vs程序\vs2010\第13章\SVM\opencv\Debug\mt.write.1.tlog
D:\VS程序\VS2010\第13章\SVM\OPENCV\DEBUG\OPENCV.EXE.EMBED.MANIFEST
D:\VS程序\VS2010\第13章\SVM\OPENCV\DEBUG\OPENCV.EXE.EMBED.MANIFEST.RES
D:\VS程序\VS2010\第13章\SVM\OPENCV\DEBUG\OPENCV.EXE.INTERMEDIATE.MANIFEST
D:\VS程序\VS2010\第13章\SVM\OPENCV\DEBUG\OPENCV.PCH
D:\vs程序\vs2010\第13章\SVM\opencv\Debug\opencv_manifest.rc
D:\vs程序\vs2010\第13章\SVM\opencv\Debug\rc.command.1.tlog
D:\vs程序\vs2010\第13章\SVM\opencv\Debug\rc.read.1.tlog
D:\vs程序\vs2010\第13章\SVM\opencv\Debug\rc.write.1.tlog
D:\VS程序\VS2010\第13章\SVM\OPENCV\DEBUG\STDAFX.OBJ
D:\VS程序\VS2010\第13章\SVM\OPENCV\DEBUG\SVM.OBJ
D:\vs程序\vs2010\第13章\SVM\opencv\Debug\vc100.idb
D:\VS程序\VS2010\第13章\SVM\OPENCV\DEBUG\VC100.PDB
